INFO: localdir at /scratch/91004.gcrepaldi
INFO: your job will run on local system.
Using GPU: cuda:0
Using num thread = 4
n_hotels is 14656
n_features_w2vec is 100
n_features_meta is 0
n_features_impression is 25
n_features is 125
The model is:
input_dim is:125
hidden_dim is: 200
output_dim is:14656
612 sessions to be computed
Epoch: 1 Loss: 9.830213967491598
1 2% (0m 47s)
Score: 0.33153482986028016
612 sessions to be computed
Epoch: 2 Loss: 9.231005752008725
2 4% (1m 46s)
Score: 0.42641120767890844
612 sessions to be computed
Epoch: 3 Loss: 8.697947137496051
3 6% (2m 44s)
Score: 0.42309888535853785
612 sessions to be computed
Epoch: 4 Loss: 8.622474475623735
4 8% (3m 43s)
Score: 0.42426184214714247
612 sessions to be computed
Epoch: 5 Loss: 8.452489757070355
5 10% (4m 41s)
Score: 0.4355228705915834
612 sessions to be computed
Epoch: 6 Loss: 8.573059928183461
6 12% (5m 38s)
Score: 0.43738847877663084
612 sessions to be computed
Epoch: 7 Loss: 8.301001226979922
7 14% (6m 37s)
Score: 0.429363994586219
612 sessions to be computed
Epoch: 8 Loss: 8.237289925805884
8 16% (7m 36s)
Score: 0.43789438891245985
612 sessions to be computed
Epoch: 9 Loss: 8.639344333044065
9 18% (8m 34s)
Score: 0.4255943976839108
612 sessions to be computed
Epoch: 10 Loss: 8.681134509884455
10 20% (9m 33s)
Score: 0.42734158339574635
612 sessions to be computed
Epoch: 11 Loss: 8.387457720594469
11 22% (10m 30s)
Score: 0.4331503126227611
612 sessions to be computed
Epoch: 12 Loss: 8.31099631350025
12 24% (11m 28s)
Score: 0.42959617615818824
612 sessions to be computed
Epoch: 13 Loss: 8.09536853179433
13 26% (12m 26s)
Score: 0.4436184119924313
612 sessions to be computed
Epoch: 14 Loss: 8.093679331486522
14 28% (13m 24s)
Score: 0.43444992202796995
612 sessions to be computed
Epoch: 15 Loss: 7.831484403485566
15 30% (14m 23s)
Score: 0.43744684857640226
612 sessions to be computed
Epoch: 16 Loss: 8.407588700063867
16 32% (15m 20s)
Score: 0.4261686776631687
612 sessions to be computed
Epoch: 17 Loss: 9.79498231800553
17 34% (16m 18s)
Score: 0.43420904806026933
612 sessions to be computed
Epoch: 18 Loss: 9.499388701775494
18 36% (17m 15s)
Score: 0.43353978838260654
612 sessions to be computed
Epoch: 19 Loss: 9.028398887783874
19 38% (18m 13s)
Score: 0.4383376745247844
612 sessions to be computed
Epoch: 20 Loss: 8.719087687193179
20 40% (19m 11s)
Score: 0.4384245444795801
612 sessions to be computed
Epoch: 21 Loss: 9.032588075968174
21 42% (20m 9s)
Score: 0.4425234842221749
612 sessions to be computed
Epoch: 22 Loss: 8.918527648339865
22 44% (21m 7s)
Score: 0.4397301158945207
612 sessions to be computed
Epoch: 23 Loss: 8.680119418630413
23 46% (22m 4s)
Score: 0.4364290169942886
612 sessions to be computed
Epoch: 24 Loss: 8.445752280989504
24 48% (23m 2s)
Score: 0.43488828060514556
612 sessions to be computed
Epoch: 25 Loss: 8.313959367134991
25 50% (24m 0s)
Score: 0.43403538762262217
612 sessions to be computed
Epoch: 26 Loss: 8.203570126708037
26 52% (24m 57s)
Score: 0.4320109542983737
612 sessions to be computed
Epoch: 27 Loss: 8.160858132480795
27 54% (25m 55s)
Score: 0.44082110045836087
612 sessions to be computed
Epoch: 28 Loss: 8.405696310249029
28 56% (26m 52s)
Score: 0.442750509304769
612 sessions to be computed
Epoch: 29 Loss: 8.08798900694629
29 57% (27m 50s)
Score: 0.42846866756704866
612 sessions to be computed
Epoch: 30 Loss: 8.1567284982968
30 60% (28m 47s)
Score: 0.43764927661539976
612 sessions to be computed
Epoch: 31 Loss: 7.937249483625873
31 62% (29m 45s)
Score: 0.42780717856636263
612 sessions to be computed
Epoch: 32 Loss: 8.102614266810074
32 64% (30m 43s)
Score: 0.4341614066400631
612 sessions to be computed
Epoch: 33 Loss: 7.999282051145641
33 66% (31m 40s)
Score: 0.43082841371404806
612 sessions to be computed
Epoch: 34 Loss: 7.771178926517761
34 68% (32m 39s)
Score: 0.43559228760977425
612 sessions to be computed
Epoch: 35 Loss: 7.977359047512603
35 70% (33m 37s)
Score: 0.4289147963962893
612 sessions to be computed
Epoch: 36 Loss: 7.9162693857367525
36 72% (34m 36s)
Score: 0.4303757511695132
612 sessions to be computed
Epoch: 37 Loss: 7.749008693726235
37 74% (35m 35s)
Score: 0.4382738012226532
612 sessions to be computed
Epoch: 38 Loss: 8.325303315337187
38 76% (36m 34s)
Score: 0.41988492581401
612 sessions to be computed
Epoch: 39 Loss: 7.489600642054689
39 78% (37m 32s)
Score: 0.42630170512767357
612 sessions to be computed
Epoch: 40 Loss: 7.263874818686566
40 80% (38m 30s)
Score: 0.42595716757936564
612 sessions to be computed
Epoch: 41 Loss: 7.560689319582546
41 82% (39m 28s)
Score: 0.4381266099487837
612 sessions to be computed
Epoch: 42 Loss: 8.661023372139027
42 84% (40m 25s)
Score: 0.4265810418764487
612 sessions to be computed
Epoch: 43 Loss: 8.591785173010981
43 86% (41m 24s)
Score: 0.42613952771106023
612 sessions to be computed
Epoch: 44 Loss: 7.930613462441887
44 88% (42m 22s)
Score: 0.42645816126548314
612 sessions to be computed
Epoch: 45 Loss: 7.568965500476313
45 90% (43m 21s)
Score: 0.4271559835803549
612 sessions to be computed
Epoch: 46 Loss: 7.349643199661978
46 92% (44m 19s)
Score: 0.4291167854148827
612 sessions to be computed
Epoch: 47 Loss: 7.042398421203389
47 94% (45m 17s)
Score: 0.43477560346776367
612 sessions to be computed
Epoch: 48 Loss: 6.885819502905304
48 96% (46m 14s)
Score: 0.42708067172150255
612 sessions to be computed
Epoch: 49 Loss: 6.673667509571399
49 98% (47m 12s)
Score: 0.42890691428943506
612 sessions to be computed
Epoch: 50 Loss: 6.749952922849094
50 100% (48m 9s)
Score: 0.43464639841943803
Final score: 0.42429336863726835
