INFO: localdir at /scratch/91011.gcrepaldi
INFO: your job will run on local system.
Using GPU: cuda:0
Using num thread = 2
n_hotels is 92091
n_features_w2vec is 100
n_features_meta is 0
n_features_impression is 25
n_features is 125
The model is:
input_dim is:125
hidden_dim is: 200
output_dim is:92091
6382 sessions to be computed
Epoch: 1 Loss: 11.918697109120798
1 5% (19m 18s)
Score: 0.2768561173562037
6382 sessions to be computed
Epoch: 2 Loss: 11.009973497833066
2 10% (48m 11s)
Score: 0.2814678997421576
6382 sessions to be computed
Epoch: 3 Loss: 10.252986478622487
3 15% (76m 59s)
Score: 0.27830181231514806
6382 sessions to be computed
Epoch: 4 Loss: 11.850500319378385
4 20% (105m 41s)
Score: 0.27799966988864333
6382 sessions to be computed
Epoch: 5 Loss: 11.098752527252255
5 25% (134m 15s)
Score: 0.27854441189820345
6382 sessions to be computed
Epoch: 6 Loss: 10.425983211535181
6 30% (162m 57s)
Score: 0.27639861198695403
6382 sessions to be computed
Epoch: 7 Loss: 9.360825795456137
7 35% (191m 36s)
Score: 0.2748898205755899
6382 sessions to be computed
Epoch: 8 Loss: 12.099804395906084
8 40% (220m 16s)
Score: 0.27984900972668275
6382 sessions to be computed
Epoch: 9 Loss: 11.515311482687872
9 45% (248m 53s)
Score: 0.28001680263177414
6382 sessions to be computed
Epoch: 10 Loss: 10.723234230118349
10 50% (277m 35s)
Score: 0.2777421108925657
6382 sessions to be computed
Epoch: 11 Loss: 9.811959073944493
11 55% (306m 8s)
Score: 0.27140697978155914
6382 sessions to be computed
Epoch: 12 Loss: 9.117993970736931
12 60% (334m 48s)
Score: 0.2642727869011445
6382 sessions to be computed
Epoch: 13 Loss: 8.750488860504039
13 65% (363m 27s)
Score: 0.26830000401270565
6382 sessions to be computed
Epoch: 14 Loss: 8.64699285318395
14 70% (392m 10s)
Score: 0.2641028865262271
6382 sessions to be computed
Epoch: 15 Loss: 9.022633648169
15 75% (420m 42s)
Score: 0.26728544086194705
6382 sessions to be computed
Epoch: 16 Loss: 8.835256056823315
16 80% (449m 21s)
Score: 0.2647203932705114
6382 sessions to be computed
Epoch: 17 Loss: 8.375137298757549
17 85% (477m 58s)
Score: 0.26422314314669537
6382 sessions to be computed
Epoch: 18 Loss: 8.3412233825501
18 90% (506m 39s)
Score: 0.2594958361010894
6382 sessions to be computed
Epoch: 19 Loss: 8.591306186010007
19 95% (535m 17s)
Score: 0.2640248810713398
6382 sessions to be computed
Epoch: 20 Loss: 9.60025260819047
20 100% (564m 0s)
Score: 0.26514687585644925
Final score: 0.2665144794544745
