INFO: localdir at /scratch/91001.gcrepaldi
INFO: your job will run on local system.
Using GPU: cuda:0
Using num thread = 4
n_hotels is 14656
n_features_w2vec is 100
n_features_meta is 0
n_features_impression is 25
n_features is 125
The model is:
input_dim is:125
hidden_dim is: 1500
output_dim is:14656
612 sessions to be computed
Epoch: 1 Loss: 9.986278987398334
1 2% (2m 30s)
Score: 0.36914333746148065
612 sessions to be computed
Epoch: 2 Loss: 11.070948801009484
2 4% (5m 16s)
Score: 0.31759245762895394
612 sessions to be computed
Epoch: 3 Loss: 17.597374370674682
3 6% (8m 2s)
Score: 0.415296469966498
612 sessions to be computed
Epoch: 4 Loss: 10.339504026899151
4 8% (10m 47s)
Score: 0.41228620388563403
612 sessions to be computed
Epoch: 5 Loss: 13.421499048962312
5 10% (13m 32s)
Score: 0.40480969621233204
612 sessions to be computed
Epoch: 6 Loss: 10.464851874931187
6 12% (16m 17s)
Score: 0.426248052961584
612 sessions to be computed
Epoch: 7 Loss: 9.276705769152423
7 14% (19m 3s)
Score: 0.4259369985112249
612 sessions to be computed
Epoch: 8 Loss: 19.70847007729649
8 16% (21m 49s)
Score: 0.416026576255555
612 sessions to be computed
Epoch: 9 Loss: 16.88398595261418
9 18% (24m 35s)
Score: 0.42983381689705813
612 sessions to be computed
Epoch: 10 Loss: 14.210005983028536
10 20% (27m 22s)
Score: 0.40882523019700867
612 sessions to be computed
Epoch: 11 Loss: 21.570267505895078
11 22% (30m 7s)
Score: 0.4272313813267796
612 sessions to be computed
Epoch: 12 Loss: 16.49421578762578
12 24% (32m 52s)
Score: 0.4249668525564774
612 sessions to be computed
Epoch: 13 Loss: 16.03000535372815
13 26% (35m 38s)
Score: 0.4244567720077092
612 sessions to be computed
Epoch: 14 Loss: 12.51988482786939
14 28% (38m 24s)
Score: 0.4305409340831001
612 sessions to be computed
Epoch: 15 Loss: 25.171571543014128
15 30% (41m 10s)
Score: 0.37893947710990394
612 sessions to be computed
Epoch: 16 Loss: 24.47296624713474
16 32% (43m 55s)
Score: 0.38792994531868724
612 sessions to be computed
Epoch: 17 Loss: 23.004925201141756
17 34% (46m 40s)
Score: 0.38580105084342925
612 sessions to be computed
Epoch: 18 Loss: 22.49035768882901
18 36% (49m 25s)
Score: 0.3925933230715506
612 sessions to be computed
Epoch: 19 Loss: 21.65269004285725
19 38% (52m 11s)
Score: 0.3860266742389492
612 sessions to be computed
Epoch: 20 Loss: 21.07578649863698
20 40% (54m 58s)
Score: 0.3850891132844265
612 sessions to be computed
Epoch: 21 Loss: 20.393149444480347
21 42% (57m 43s)
Score: 0.38505943833001505
612 sessions to be computed
Epoch: 22 Loss: 19.81395510442896
22 44% (60m 29s)
Score: 0.3962745522790137
612 sessions to be computed
Epoch: 23 Loss: 18.828584131851695
23 46% (63m 15s)
Score: 0.380201253017539
612 sessions to be computed
Epoch: 24 Loss: 17.733120894899557
24 48% (66m 1s)
Score: 0.3824489315703608
612 sessions to be computed
Epoch: 25 Loss: 17.727938285840104
25 50% (68m 47s)
Score: 0.3857489552936714
612 sessions to be computed
Epoch: 26 Loss: 17.637078695047915
26 52% (71m 33s)
Score: 0.40101879529928564
612 sessions to be computed
Epoch: 27 Loss: 16.629525083342408
27 54% (74m 19s)
Score: 0.38645236874545147
612 sessions to be computed
Epoch: 28 Loss: 15.848626205344605
28 56% (77m 4s)
Score: 0.3975858974158994
612 sessions to be computed
Epoch: 29 Loss: 15.209950501622718
29 57% (79m 50s)
Score: 0.3993683287950866
612 sessions to be computed
Epoch: 30 Loss: 14.503430586235195
30 60% (82m 36s)
Score: 0.3954121903355789
612 sessions to be computed
Epoch: 31 Loss: 13.350908256044574
31 62% (85m 21s)
Score: 0.39587467174110347
612 sessions to be computed
Epoch: 32 Loss: 11.39356383700776
32 64% (88m 7s)
Score: 0.3935518066115816
612 sessions to be computed
Epoch: 33 Loss: 9.426987573991415
33 66% (90m 53s)
Score: 0.39505311548561634
612 sessions to be computed
Epoch: 34 Loss: 8.05190339431264
34 68% (93m 40s)
Score: 0.4077374126368568
612 sessions to be computed
Epoch: 35 Loss: 7.76650085947872
35 70% (96m 26s)
Score: 0.40079006631629727
612 sessions to be computed
Epoch: 36 Loss: 7.132895255400465
36 72% (99m 11s)
Score: 0.40336583988545854
612 sessions to be computed
Epoch: 37 Loss: 6.769088967952853
37 74% (101m 57s)
Score: 0.4061524541159851
612 sessions to be computed
Epoch: 38 Loss: 6.733423415352316
38 76% (104m 43s)
Score: 0.41087135406808073
612 sessions to be computed
Epoch: 39 Loss: 6.95329270175859
39 78% (107m 29s)
Score: 0.42172164961351055
612 sessions to be computed
Epoch: 40 Loss: 6.6582261845956445
40 80% (110m 15s)
Score: 0.420418084777709
612 sessions to be computed
Epoch: 41 Loss: 6.327739892442242
41 82% (113m 1s)
Score: 0.4276110575899567
612 sessions to be computed
Epoch: 42 Loss: 6.379160570942498
42 84% (115m 47s)
Score: 0.4189562341412188
612 sessions to be computed
Epoch: 43 Loss: 6.736935374783535
43 86% (118m 33s)
Score: 0.42344928670656734
612 sessions to be computed
Epoch: 44 Loss: 6.584753107790854
44 88% (121m 19s)
Score: 0.41647008120170476
612 sessions to be computed
Epoch: 45 Loss: 6.143373849734761
45 90% (124m 5s)
Score: 0.40538052884763814
612 sessions to be computed
Epoch: 46 Loss: 6.182779378361172
46 92% (126m 51s)
Score: 0.4103765048967041
612 sessions to be computed
Epoch: 47 Loss: 5.735314566715091
47 94% (129m 37s)
Score: 0.4112156716223904
612 sessions to be computed
Epoch: 48 Loss: 5.356750538925719
48 96% (132m 23s)
Score: 0.40982612486885983
612 sessions to be computed
Epoch: 49 Loss: 5.5299282673916785
49 98% (135m 8s)
Score: 0.41586139454681736
612 sessions to be computed
Epoch: 50 Loss: 5.225853407305051
50 100% (137m 54s)
Score: 0.40776717260280343
Final score: 0.4085669161583206
