INFO: localdir at /scratch/91010.gcrepaldi
INFO: your job will run on local system.
Using GPU: cuda:0
Using num thread = 4
n_hotels is 14656
n_features_w2vec is 100
n_features_meta is 0
n_features_impression is 25
n_features is 125
The model is:
input_dim is:125
hidden_dim is: 200
output_dim is:14656
612 sessions to be computed
Epoch: 1 Loss: 9.84098380531361
1 2% (0m 46s)
Score: 0.3298887969609649
612 sessions to be computed
Epoch: 2 Loss: 9.20009925552443
2 4% (1m 44s)
Score: 0.41719364367302286
612 sessions to be computed
Epoch: 3 Loss: 8.630832837298026
3 6% (2m 42s)
Score: 0.42181046951182777
612 sessions to be computed
Epoch: 4 Loss: 8.899442315101624
4 8% (3m 39s)
Score: 0.42149884839948054
612 sessions to be computed
Epoch: 5 Loss: 8.529870374529969
5 10% (4m 37s)
Score: 0.4162784110103686
612 sessions to be computed
Epoch: 6 Loss: 8.60655487596599
6 12% (5m 35s)
Score: 0.4221015023601662
612 sessions to be computed
Epoch: 7 Loss: 8.7651671864628
7 14% (6m 33s)
Score: 0.4117031517334979
612 sessions to be computed
Epoch: 8 Loss: 8.335455391921249
8 16% (7m 31s)
Score: 0.4184238799903182
612 sessions to be computed
Epoch: 9 Loss: 8.313161271070344
9 18% (8m 29s)
Score: 0.42788065187266544
612 sessions to be computed
Epoch: 10 Loss: 8.485590803077798
10 20% (9m 27s)
Score: 0.4276183726575732
612 sessions to be computed
Epoch: 11 Loss: 8.316582883884704
11 22% (10m 24s)
Score: 0.4183309238316607
612 sessions to be computed
Epoch: 12 Loss: 8.183240119148703
12 24% (11m 21s)
Score: 0.42535564038104956
612 sessions to be computed
Epoch: 13 Loss: 8.245956456739139
13 26% (12m 18s)
Score: 0.4264417516564913
612 sessions to be computed
Epoch: 14 Loss: 8.065493799502553
14 28% (13m 15s)
Score: 0.42645772735654386
612 sessions to be computed
Epoch: 15 Loss: 8.142977762845607
15 30% (14m 13s)
Score: 0.4179440019820398
612 sessions to be computed
Epoch: 16 Loss: 8.330074725587384
16 32% (15m 10s)
Score: 0.42523157716649934
612 sessions to be computed
Epoch: 17 Loss: 7.986773806459763
17 34% (16m 8s)
Score: 0.4163254412208102
612 sessions to be computed
Epoch: 18 Loss: 7.781420660953896
18 36% (17m 6s)
Score: 0.42620900751564067
612 sessions to be computed
Epoch: 19 Loss: 8.039146110123278
19 38% (18m 4s)
Score: 0.4269928716278628
612 sessions to be computed
Epoch: 20 Loss: 7.911727963709364
20 40% (19m 2s)
Score: 0.4280695068046311
612 sessions to be computed
Epoch: 21 Loss: 7.823981500139423
21 42% (19m 59s)
Score: 0.42753102100366486
612 sessions to be computed
Epoch: 22 Loss: 7.401071085649378
22 44% (20m 57s)
Score: 0.41784361501569817
612 sessions to be computed
Epoch: 23 Loss: 7.570776275559967
23 46% (21m 55s)
Score: 0.4175213312491984
612 sessions to be computed
Epoch: 24 Loss: 7.655023563141916
24 48% (22m 52s)
Score: 0.4195703931908549
612 sessions to be computed
Epoch: 25 Loss: 7.4511897314607705
25 50% (23m 50s)
Score: 0.4181445288705293
612 sessions to be computed
Epoch: 26 Loss: 7.788021483062919
26 52% (24m 47s)
Score: 0.42733891386555095
612 sessions to be computed
Epoch: 27 Loss: 7.540497676998961
27 54% (25m 45s)
Score: 0.4181614798798
612 sessions to be computed
Epoch: 28 Loss: 7.333231097342921
28 56% (26m 43s)
Score: 0.41828146841560576
612 sessions to be computed
Epoch: 29 Loss: 7.489363160787844
29 57% (27m 41s)
Score: 0.4161772873864018
612 sessions to be computed
Epoch: 30 Loss: 7.381670694335614
30 60% (28m 39s)
Score: 0.41545618211127316
612 sessions to be computed
Epoch: 31 Loss: 7.189275464201285
31 62% (29m 37s)
Score: 0.41685981682630424
612 sessions to be computed
Epoch: 32 Loss: 7.0259014336891426
32 64% (30m 34s)
Score: 0.41395065725295505
612 sessions to be computed
Epoch: 33 Loss: 7.539743743301217
33 66% (31m 31s)
Score: 0.4180487049480644
612 sessions to be computed
Epoch: 34 Loss: 7.349747932814305
34 68% (32m 28s)
Score: 0.4116690269994617
612 sessions to be computed
Epoch: 35 Loss: 7.430625131706786
35 70% (33m 25s)
Score: 0.4333123466563299
612 sessions to be computed
Epoch: 36 Loss: 7.172162010389216
36 72% (34m 23s)
Score: 0.4242141575530426
612 sessions to be computed
Epoch: 37 Loss: 7.091534173956104
37 74% (35m 21s)
Score: 0.4217213370629828
612 sessions to be computed
Epoch: 38 Loss: 7.371725856089125
38 76% (36m 19s)
Score: 0.4244792785947638
612 sessions to be computed
Epoch: 39 Loss: 7.061732700447631
39 78% (37m 18s)
Score: 0.423078741696644
612 sessions to be computed
Epoch: 40 Loss: 6.9706637473667366
40 80% (38m 16s)
Score: 0.4315341505333054
612 sessions to be computed
Epoch: 41 Loss: 7.048492475662356
41 82% (39m 14s)
Score: 0.4246564867105984
612 sessions to be computed
Epoch: 42 Loss: 7.100763864376965
42 84% (40m 13s)
Score: 0.42018951132413074
612 sessions to be computed
Epoch: 43 Loss: 7.2921749365096
43 86% (41m 10s)
Score: 0.4398014951640395
612 sessions to be computed
Epoch: 44 Loss: 7.165133369903939
44 88% (42m 8s)
Score: 0.42453770265542484
612 sessions to be computed
Epoch: 45 Loss: 6.933226263211443
45 90% (43m 5s)
Score: 0.4202484142789998
612 sessions to be computed
Epoch: 46 Loss: 6.787892799361859
46 92% (44m 2s)
Score: 0.4303981045097761
612 sessions to be computed
Epoch: 47 Loss: 6.761769161504858
47 94% (44m 59s)
Score: 0.427480230674123
612 sessions to be computed
Epoch: 48 Loss: 6.501328531043981
48 96% (45m 56s)
Score: 0.42875004620086954
612 sessions to be computed
Epoch: 49 Loss: 6.433981487953585
49 98% (46m 54s)
Score: 0.43756367621611864
612 sessions to be computed
Epoch: 50 Loss: 6.406233146299724
50 100% (47m 52s)
Score: 0.42529234730089166
Final score: 0.43321872812415674
