INFO: localdir at /scratch/98765.gcrepaldi
INFO: your job will run on local system.
Using GPU: cuda:0
Using num thread = 2
n_hotels is 208670
n_features_w2vec is 100
n_features_meta is 0
n_features_impression is 0
n_features_prices is 0
n_features is 100
The model is:
input_dim is:100
hidden_dim is: 150
output_dim is:208670
783 sessions to be computed
Epoch: 1 Loss: 12.270297935943798
1 5% (11m 54s)
Score: 0.23846872381297746
783 sessions to be computed
Epoch: 2 Loss: 10.058455077472166
2 10% (46m 7s)
Score: 0.2323259603505645
783 sessions to be computed
Epoch: 3 Loss: 9.980352604526212
3 15% (79m 42s)
Score: 0.22797454297282166
783 sessions to be computed
Epoch: 4 Loss: 9.884210589592788
4 20% (114m 20s)
Score: 0.2280680136654613
783 sessions to be computed
Epoch: 5 Loss: 9.463088670148398
5 25% (148m 57s)
Score: 0.22239445080502313
783 sessions to be computed
Epoch: 6 Loss: 9.241328434925883
6 30% (184m 11s)
Score: 0.21879159748460394
783 sessions to be computed
Epoch: 7 Loss: 8.99471267856096
7 35% (220m 40s)
Score: 0.21777065979686439
783 sessions to be computed
Epoch: 8 Loss: 8.829588424200299
8 40% (258m 9s)
Score: 0.2112515547396775
783 sessions to be computed
Epoch: 9 Loss: 8.675691917633797
9 45% (295m 14s)
Score: 0.2124389902947835
783 sessions to be computed
Epoch: 10 Loss: 8.588340318370443
10 50% (333m 1s)
Score: 0.21435759441282845
783 sessions to be computed
Epoch: 11 Loss: 8.511689543571814
11 55% (369m 48s)
Score: 0.2082900206450219
783 sessions to be computed
Epoch: 12 Loss: 8.471541729923409
12 60% (407m 0s)
Score: 0.20811987428712936
783 sessions to be computed
Epoch: 13 Loss: 8.387534549562107
13 65% (443m 2s)
Score: 0.20955791282804698
783 sessions to be computed
Epoch: 14 Loss: 9.769088176931914
14 70% (476m 26s)
Score: 0.2102470707636581
783 sessions to be computed
Epoch: 15 Loss: 9.710426290373237
15 75% (509m 43s)
Score: 0.2105122322405903
783 sessions to be computed
Epoch: 16 Loss: 9.088524965795369
16 80% (543m 4s)
Score: 0.21046211680213922
783 sessions to be computed
Epoch: 17 Loss: 8.959340996212429
17 85% (576m 15s)
Score: 0.2054659638530547
783 sessions to be computed
Epoch: 18 Loss: 8.820492944193678
18 90% (609m 33s)
Score: 0.20660379351557
783 sessions to be computed
Epoch: 19 Loss: 8.676910265804402
19 95% (642m 41s)
Score: 0.1987620328735209
783 sessions to be computed
Epoch: 20 Loss: 8.814103957793721
20 100% (675m 54s)
Score: 0.20201647162688743
Final score: 0.2059639999571314
